<?xml version="1.0" encoding="UTF-8"?>
<testng-results ignored="0" total="3" passed="3" failed="0" skipped="0">
  <reporter-output>
  </reporter-output>
  <suite started-at="2025-03-13T16:31:00 WAT" name=" Master Suite" finished-at="2025-03-13T16:32:37 WAT" duration-ms="96289">
    <groups>
      <group name="Master">
        <method signature="TC001_AccountRegistrationTest.verify_account_registration()[pri:0, instance:testCases.TC001_AccountRegistrationTest@6dee4f1b]" name="verify_account_registration" class="testCases.TC001_AccountRegistrationTest"/>
        <method signature="TC002_LoginTest.Verify_Login()[pri:0, instance:testCases.TC002_LoginTest@66ac5762]" name="Verify_Login" class="testCases.TC002_LoginTest"/>
        <method signature="TC004_SearchProductTest.Verify_ProductSearch()[pri:0, instance:testCases.TC004_SearchProductTest@797cf65c]" name="Verify_ProductSearch" class="testCases.TC004_SearchProductTest"/>
      </group> <!-- Master -->
      <group name="Sanity">
        <method signature="TC001_AccountRegistrationTest.verify_account_registration()[pri:0, instance:testCases.TC001_AccountRegistrationTest@6dee4f1b]" name="verify_account_registration" class="testCases.TC001_AccountRegistrationTest"/>
        <method signature="TC004_SearchProductTest.Verify_ProductSearch()[pri:0, instance:testCases.TC004_SearchProductTest@797cf65c]" name="Verify_ProductSearch" class="testCases.TC004_SearchProductTest"/>
      </group> <!-- Sanity -->
      <group name="Regression">
        <method signature="TC002_LoginTest.Verify_Login()[pri:0, instance:testCases.TC002_LoginTest@66ac5762]" name="Verify_Login" class="testCases.TC002_LoginTest"/>
      </group> <!-- Regression -->
    </groups>
    <test started-at="2025-03-13T16:31:00 WAT" name="Test" finished-at="2025-03-13T16:32:37 WAT" duration-ms="96289">
      <class name="testCases.TC004_SearchProductTest">
        <test-method is-config="true" signature="setup(java.lang.String,java.lang.String)[pri:0, instance:testCases.TC004_SearchProductTest@797cf65c]" started-at="2025-03-13T16:32:12 WAT" name="setup" finished-at="2025-03-13T16:32:18 WAT" duration-ms="5571" status="PASS">
          <params>
            <param index="0">
              <value>
                <![CDATA[windows]]>
              </value>
            </param>
            <param index="1">
              <value>
                <![CDATA[chrome]]>
              </value>
            </param>
          </params>
          <reporter-output>
          </reporter-output>
        </test-method> <!-- setup -->
        <test-method signature="Verify_ProductSearch()[pri:0, instance:testCases.TC004_SearchProductTest@797cf65c]" started-at="2025-03-13T16:32:18 WAT" name="Verify_ProductSearch" finished-at="2025-03-13T16:32:35 WAT" duration-ms="17399" status="PASS">
          <reporter-output>
          </reporter-output>
        </test-method> <!-- Verify_ProductSearch -->
        <test-method is-config="true" signature="tearDown()[pri:0, instance:testCases.TC004_SearchProductTest@797cf65c]" started-at="2025-03-13T16:32:35 WAT" name="tearDown" finished-at="2025-03-13T16:32:37 WAT" duration-ms="1571" status="PASS">
          <reporter-output>
          </reporter-output>
        </test-method> <!-- tearDown -->
      </class> <!-- testCases.TC004_SearchProductTest -->
      <class name="testCases.TC002_LoginTest">
        <test-method is-config="true" signature="setup(java.lang.String,java.lang.String)[pri:0, instance:testCases.TC002_LoginTest@66ac5762]" started-at="2025-03-13T16:31:41 WAT" name="setup" finished-at="2025-03-13T16:31:47 WAT" duration-ms="5618" status="PASS">
          <params>
            <param index="0">
              <value>
                <![CDATA[windows]]>
              </value>
            </param>
            <param index="1">
              <value>
                <![CDATA[chrome]]>
              </value>
            </param>
          </params>
          <reporter-output>
          </reporter-output>
        </test-method> <!-- setup -->
        <test-method signature="Verify_Login()[pri:0, instance:testCases.TC002_LoginTest@66ac5762]" started-at="2025-03-13T16:31:47 WAT" name="Verify_Login" finished-at="2025-03-13T16:32:10 WAT" duration-ms="23732" status="PASS">
          <reporter-output>
          </reporter-output>
        </test-method> <!-- Verify_Login -->
        <test-method is-config="true" signature="tearDown()[pri:0, instance:testCases.TC002_LoginTest@66ac5762]" started-at="2025-03-13T16:32:10 WAT" name="tearDown" finished-at="2025-03-13T16:32:12 WAT" duration-ms="1871" status="PASS">
          <reporter-output>
          </reporter-output>
        </test-method> <!-- tearDown -->
      </class> <!-- testCases.TC002_LoginTest -->
      <class name="testCases.TC001_AccountRegistrationTest">
        <test-method is-config="true" signature="setup(java.lang.String,java.lang.String)[pri:0, instance:testCases.TC001_AccountRegistrationTest@6dee4f1b]" started-at="2025-03-13T16:31:02 WAT" name="setup" finished-at="2025-03-13T16:31:08 WAT" duration-ms="6461" status="PASS">
          <params>
            <param index="0">
              <value>
                <![CDATA[windows]]>
              </value>
            </param>
            <param index="1">
              <value>
                <![CDATA[chrome]]>
              </value>
            </param>
          </params>
          <reporter-output>
          </reporter-output>
        </test-method> <!-- setup -->
        <test-method signature="verify_account_registration()[pri:0, instance:testCases.TC001_AccountRegistrationTest@6dee4f1b]" started-at="2025-03-13T16:31:08 WAT" name="verify_account_registration" finished-at="2025-03-13T16:31:38 WAT" duration-ms="30011" status="PASS">
          <reporter-output>
          </reporter-output>
        </test-method> <!-- verify_account_registration -->
        <test-method is-config="true" signature="tearDown()[pri:0, instance:testCases.TC001_AccountRegistrationTest@6dee4f1b]" started-at="2025-03-13T16:31:38 WAT" name="tearDown" finished-at="2025-03-13T16:31:41 WAT" duration-ms="2545" status="PASS">
          <reporter-output>
          </reporter-output>
        </test-method> <!-- tearDown -->
      </class> <!-- testCases.TC001_AccountRegistrationTest -->
    </test> <!-- Test -->
  </suite> <!--  Master Suite -->
</testng-results>
