<?xml version="1.0" encoding="UTF-8"?>
<!-- Generated by org.testng.reporters.JUnitXMLReporter -->
<testsuite ignored="0" hostname="KTL-PC-0016-PRECIOUS" failures="0" tests="3" name="Test" time="96.289" errors="0" timestamp="2025-03-13T16:32:38 WAT">
  <testcase classname="testCases.TC001_AccountRegistrationTest" name="verify_account_registration" time="30.011"/>
  <testcase classname="testCases.TC002_LoginTest" name="Verify_Login" time="23.732"/>
  <testcase classname="testCases.TC004_SearchProductTest" name="Verify_ProductSearch" time="17.399"/>
</testsuite> <!-- Test -->
